{
  "RSpec": {
    "coverage": {
      "/Users/johnhinrichs/dev/danceshare/config/environment.rb": [
        null,
        1,
        null,
        null,
        1
      ],
      "/Users/johnhinrichs/dev/danceshare/config/application.rb": [
        1,
        null,
        1,
        null,
        null,
        null,
        1,
        null,
        1,
        1,
        null,
        null,
        null,
        null,
        null,
        null,
        null,
        null,
        1,
        null,
        null,
        null,
        null,
        null,
        null
      ],
      "/Users/johnhinrichs/dev/danceshare/config/boot.rb": [
        null,
        1,
        null,
        1
      ],
      "/Users/johnhinrichs/dev/danceshare/config/environments/test.rb": [
        1,
        null,
        null,
        null,
        null,
        null,
        null,
        1,
        null,
        null,
        null,
        null,
        1,
        null,
        null,
        1,
        1,
        null,
        null,
        1,
        1,
        null,
        null,
        1,
        null,
        null,
        1,
        null,
        null,
        null,
        null,
        1,
        null,
        null,
        1,
        null
      ],
      "/Users/johnhinrichs/dev/danceshare/config/initializers/api.rb": [
        1,
        1,
        1,
        1,
        1
      ],
      "/Users/johnhinrichs/dev/danceshare/config/initializers/backtrace_silencers.rb": [
        null,
        null,
        null,
        null,
        null,
        null,
        null
      ],
      "/Users/johnhinrichs/dev/danceshare/config/initializers/filter_parameter_logging.rb": [
        null,
        null,
        null,
        1
      ],
      "/Users/johnhinrichs/dev/danceshare/config/initializers/inflections.rb": [
        null,
        null,
        null,
        null,
        null,
        null,
        null,
        null,
        null,
        null,
        null,
        null,
        null,
        null,
        null,
        null
      ],
      "/Users/johnhinrichs/dev/danceshare/config/initializers/mime_types.rb": [
        null,
        null,
        null,
        null,
        null
      ],
      "/Users/johnhinrichs/dev/danceshare/config/initializers/secret_token.rb": [
        null,
        null,
        null,
        null,
        null,
        null,
        null,
        null,
        null,
        null,
        null,
        1
      ],
      "/Users/johnhinrichs/dev/danceshare/config/initializers/session_store.rb": [
        null,
        null,
        1
      ],
      "/Users/johnhinrichs/dev/danceshare/config/initializers/wrap_parameters.rb": [
        null,
        null,
        null,
        null,
        null,
        null,
        1,
        1,
        null,
        null,
        null,
        null,
        null,
        null
      ],
      "/Users/johnhinrichs/dev/danceshare/spec/factories/company.rb": [
        1,
        1,
        1,
        null,
        1,
        null,
        null,
        null,
        null
      ],
      "/Users/johnhinrichs/dev/danceshare/spec/factories/performance.rb": [
        1,
        1,
        1,
        1,
        1,
        null,
        null,
        1,
        1,
        0,
        null,
        null,
        null,
        null,
        1,
        1,
        0,
        null,
        null,
        null,
        null,
        1,
        1,
        0,
        null,
        null,
        null,
        null,
        1,
        1,
        0,
        null,
        null,
        null,
        null,
        null
      ],
      "/Users/johnhinrichs/dev/danceshare/spec/factories/run.rb": [
        1,
        1,
        1,
        1,
        1,
        null,
        1,
        1,
        0,
        null,
        null,
        1,
        1,
        null,
        null,
        1,
        0,
        null,
        null,
        null,
        1,
        1,
        0,
        null,
        null,
        1,
        1,
        null,
        null,
        1,
        0,
        null,
        null,
        null,
        1,
        1,
        0,
        null,
        null,
        1,
        1,
        null,
        null,
        1,
        0,
        null,
        null,
        null,
        1,
        1,
        0,
        null,
        null,
        1,
        1,
        null,
        null,
        1,
        0,
        null,
        null,
        null,
        null
      ],
      "/Users/johnhinrichs/dev/danceshare/spec/factories/user.rb": [
        1,
        1,
        9,
        9,
        9,
        1,
        1,
        1,
        1,
        null,
        null,
        null,
        null,
        null,
        null,
        null,
        null,
        null
      ],
      "/Users/johnhinrichs/dev/danceshare/spec/factories/venue.rb": [
        1,
        1,
        1,
        1,
        0,
        null,
        1,
        1,
        1,
        1,
        1,
        null,
        null
      ],
      "/Users/johnhinrichs/dev/danceshare/config/routes.rb": [
        1,
        null,
        1,
        null,
        1,
        null,
        1,
        1,
        null,
        null,
        1,
        1,
        null,
        null,
        null,
        null,
        1,
        null,
        1,
        1,
        null,
        null,
        null,
        1,
        1,
        1,
        null,
        1,
        1,
        null,
        null,
        null
      ],
      "/Users/johnhinrichs/dev/danceshare/app/helpers/application_helper.rb": [
        1,
        null
      ],
      "/Users/johnhinrichs/dev/danceshare/app/helpers/yelp_helper.rb": [
        1,
        1,
        null,
        null,
        0,
        null,
        null,
        null,
        null,
        null,
        null,
        null,
        null,
        null,
        null,
        null,
        null,
        0,
        null,
        null,
        null,
        1,
        0,
        null,
        0,
        0,
        0,
        0,
        null,
        0,
        null,
        0,
        0,
        null,
        0,
        null,
        0,
        null,
        null
      ],
      "/Users/johnhinrichs/dev/danceshare/spec/login_helper.rb": [
        1,
        5,
        5,
        5,
        5,
        5,
        null
      ],
      "/Users/johnhinrichs/dev/danceshare/app/controllers/welcome_controller.rb": [
        1,
        null,
        1,
        9,
        0,
        0,
        null,
        null,
        null,
        null,
        1,
        null,
        1,
        0,
        0,
        null,
        null,
        null,
        1,
        0,
        0,
        null,
        null,
        null,
        null
      ],
      "/Users/johnhinrichs/dev/danceshare/app/controllers/application_controller.rb": [
        1,
        null,
        null,
        1,
        null,
        null,
        1,
        65,
        null,
        null,
        1,
        32,
        null,
        null,
        1,
        6,
        2,
        null,
        null,
        null,
        1,
        4,
        0,
        4,
        1,
        1,
        null,
        null,
        null,
        1,
        0,
        0,
        0,
        0,
        null,
        null,
        null,
        1,
        null,
        null,
        null,
        null
      ],
      "/Users/johnhinrichs/dev/danceshare/app/models/run.rb": [
        1,
        1,
        null,
        1,
        1,
        1,
        null,
        null
      ],
      "/Users/johnhinrichs/dev/danceshare/app/models/user.rb": [
        1,
        null,
        1,
        1,
        1,
        null,
        1,
        1,
        1,
        null
      ],
      "/Users/johnhinrichs/dev/danceshare/app/controllers/session_controller.rb": [
        1,
        null,
        1,
        null,
        null,
        1,
        6,
        null,
        null,
        6,
        0,
        0,
        6,
        6,
        6,
        null,
        0,
        0,
        null,
        null,
        null,
        1,
        1,
        1,
        null,
        null,
        null
      ],
      "/Users/johnhinrichs/dev/danceshare/app/controllers/users_controller.rb": [
        1,
        null,
        1,
        null,
        1,
        null,
        1,
        7,
        null,
        null,
        1,
        0,
        null,
        null,
        1,
        0,
        0,
        0,
        0,
        null,
        0,
        null,
        null,
        null,
        1,
        null,
        null,
        1,
        1,
        1,
        null,
        null,
        0,
        null,
        null,
        null,
        1,
        1,
        1,
        1,
        null,
        null,
        null,
        1,
        null,
        1,
        13,
        null,
        null,
        1,
        1,
        null,
        null,
        null
      ],
      "/Users/johnhinrichs/dev/danceshare/app/models/artist.rb": [
        null,
        null,
        null,
        null,
        null,
        null,
        null,
        null,
        null,
        1,
        1,
        1,
        null
      ],
      "/Users/johnhinrichs/dev/danceshare/app/models/company.rb": [
        1,
        null,
        1,
        1,
        1,
        null,
        null,
        1,
        null,
        1,
        null
      ]
    },
    "timestamp": 1393905847
  }
}
